<?xml version="1.0" encoding="UTF-8"?>
<!-- Generated by org.testng.reporters.JUnitReportReporter -->
<testsuite hostname="user" failures="0" tests="4" name="TestNGRunner.TestngRunner" time="70.995" errors="0" timestamp="2024-06-02T12:56:30 IST" skipped="0">
  <testcase classname="TestNGRunner.TestngRunner" name="runScenario" time="26.983"/>
  <system-out/>
  <testcase classname="TestNGRunner.TestngRunner" name="runScenario" time="12.547"/>
  <system-out/>
  <testcase classname="TestNGRunner.TestngRunner" name="runScenario" time="16.801"/>
  <system-out/>
  <testcase classname="TestNGRunner.TestngRunner" name="runScenario" time="14.664"/>
  <system-out/>
</testsuite> <!-- TestNGRunner.TestngRunner -->
